<?xml version="1.0" encoding="UTF-8"?>
<!-- Generated by org.testng.reporters.JUnitXMLReporter -->
<testsuite hostname="DESKTOP-8CR6PU0" ignored="8" name="test" tests="50" failures="8" timestamp="2023-11-10T15:07:19 PKT" time="3011.553" errors="0">
  <testcase name="verifySpacePage_Tc_201" time="0.378" classname="com.marina.tests.Mod_2_SpaceTypes"/>
  <testcase name="verifyPopupAddSpace_TC_202" time="1.886" classname="com.marina.tests.Mod_2_SpaceTypes"/>
  <testcase name="multipleUsersWithMutlipleSelections_TC_203" time="252.691" classname="com.marina.tests.Mod_2_SpaceTypes"/>
  <testcase name="addSpace_skippingFileds_TC_204" time="21.949" classname="com.marina.tests.Mod_2_SpaceTypes"/>
  <testcase name="verifySpaceData_fromTableData_TC_205" time="80.646" classname="com.marina.tests.Mod_2_SpaceTypes"/>
  <testcase name="verifySpaceData_afterEdit_TC_208" time="108.158" classname="com.marina.tests.Mod_2_SpaceTypes"/>
  <testcase name="exportNewAddSpace_verifyCompleteRecords_TC_209" time="2.109" classname="com.marina.tests.Mod_2_SpaceTypes"/>
  <testcase name="exportSpacesGoogleSheet_TC_210" time="10.554" classname="com.marina.tests.Mod_2_SpaceTypes">
    <failure type="org.openqa.selenium.NoSuchElementException" message="no such element: Unable to locate element: {&amp;quot;method&amp;quot;:&amp;quot;xpath&amp;quot;,&amp;quot;selector&amp;quot;:&amp;quot;//a[text()=&amp;apos;Open Google Sheet&amp;apos;]&amp;quot;}
  (Session info: chrome=119.0.6045.123)
For documentation on this error, please visit: https://www.selenium.dev/documentation/webdriver/troubleshooting/errors#no-such-element-exception
Build info: version: &amp;apos;4.13.0&amp;apos;, revision: &amp;apos;ba948ece5b*&amp;apos;
System info: os.name: &amp;apos;Windows 10&amp;apos;, os.arch: &amp;apos;amd64&amp;apos;, os.version: &amp;apos;10.0&amp;apos;, java.version: &amp;apos;1.8.0_202&amp;apos;
Driver info: org.openqa.selenium.chrome.ChromeDriver
Command: [3024853b4a9cea7f1babff0dfdde5ff5, findElement {using=xpath, value=//a[text()=&amp;apos;Open Google Sheet&amp;apos;]}]
Capabilities {acceptInsecureCerts: false, browserName: chrome, browserVersion: 119.0.6045.123, chrome: {chromedriverVersion: 119.0.6045.105 (38c72552c5e..., userDataDir: C:\Users\Rehan\AppData\Loca...}, fedcm:accounts: true, goog:chromeOptions: {debuggerAddress: localhost:59060}, networkConnectionEnabled: false, pageLoadStrategy: normal, platformName: windows, proxy: Proxy(), se:cdp: ws://localhost:59060/devtoo..., se:cdpVersion: 119.0.6045.123, setWindowRect: true, strictFileInteractability: false, timeouts: {implicit: 0, pageLoad: 300000, script: 30000}, unhandledPromptBehavior: dismiss and notify, webauthn:extension:credBlob: true, webauthn:extension:largeBlob: true, webauthn:extension:minPinLength: true, webauthn:extension:prf: true, webauthn:virtualAuthenticators: true}
Session ID: 3024853b4a9cea7f1babff0dfdde5ff5">
      <![CDATA[org.openqa.selenium.NoSuchElementException: no such element: Unable to locate element: {"method":"xpath","selector":"//a[text()='Open Google Sheet']"}
  (Session info: chrome=119.0.6045.123)
For documentation on this error, please visit: https://www.selenium.dev/documentation/webdriver/troubleshooting/errors#no-such-element-exception
Build info: version: '4.13.0', revision: 'ba948ece5b*'
System info: os.name: 'Windows 10', os.arch: 'amd64', os.version: '10.0', java.version: '1.8.0_202'
Driver info: org.openqa.selenium.chrome.ChromeDriver
Command: [3024853b4a9cea7f1babff0dfdde5ff5, findElement {using=xpath, value=//a[text()='Open Google Sheet']}]
Capabilities {acceptInsecureCerts: false, browserName: chrome, browserVersion: 119.0.6045.123, chrome: {chromedriverVersion: 119.0.6045.105 (38c72552c5e..., userDataDir: C:\Users\Rehan\AppData\Loca...}, fedcm:accounts: true, goog:chromeOptions: {debuggerAddress: localhost:59060}, networkConnectionEnabled: false, pageLoadStrategy: normal, platformName: windows, proxy: Proxy(), se:cdp: ws://localhost:59060/devtoo..., se:cdpVersion: 119.0.6045.123, setWindowRect: true, strictFileInteractability: false, timeouts: {implicit: 0, pageLoad: 300000, script: 30000}, unhandledPromptBehavior: dismiss and notify, webauthn:extension:credBlob: true, webauthn:extension:largeBlob: true, webauthn:extension:minPinLength: true, webauthn:extension:prf: true, webauthn:virtualAuthenticators: true}
Session ID: 3024853b4a9cea7f1babff0dfdde5ff5
at org.openqa.selenium.remote.codec.w3c.W3CHttpResponseCodec.createException(W3CHttpResponseCodec.java:200)
at org.openqa.selenium.remote.codec.w3c.W3CHttpResponseCodec.decode(W3CHttpResponseCodec.java:133)
at org.openqa.selenium.remote.codec.w3c.W3CHttpResponseCodec.decode(W3CHttpResponseCodec.java:52)
at org.openqa.selenium.remote.HttpCommandExecutor.execute(HttpCommandExecutor.java:191)
at org.openqa.selenium.remote.service.DriverCommandExecutor.invokeExecute(DriverCommandExecutor.java:196)
at org.openqa.selenium.remote.service.DriverCommandExecutor.execute(DriverCommandExecutor.java:171)
at org.openqa.selenium.remote.RemoteWebDriver.execute(RemoteWebDriver.java:602)
at org.openqa.selenium.remote.ElementLocation$ElementFinder$2.findElement(ElementLocation.java:165)
at org.openqa.selenium.remote.ElementLocation.findElement(ElementLocation.java:59)
at org.openqa.selenium.remote.RemoteWebDriver.findElement(RemoteWebDriver.java:359)
at org.openqa.selenium.remote.RemoteWebDriver.findElement(RemoteWebDriver.java:353)
at com.marina.pages.SpaceTypesPage.exportDataToGoogleSheet(SpaceTypesPage.java:406)
at com.marina.tests.Mod_2_SpaceTypes.exportSpacesGoogleSheet_TC_210(Mod_2_SpaceTypes.java:177)
at java.util.ArrayList.forEach(ArrayList.java:1257)
... Removed 31 stack frames]]>
    </failure>
  </testcase> <!-- exportSpacesGoogleSheet_TC_210 -->
  <testcase name="verify_serachField_withSpaceName_TC_211" time="80.481" classname="com.marina.tests.Mod_2_SpaceTypes"/>
  <testcase name="verifyDeleteSpace_TC_212" time="64.771" classname="com.marina.tests.Mod_2_SpaceTypes"/>
  <testcase name="add_Spaces_Single_And_Carparking_Options_TC_213" time="193.991" classname="com.marina.tests.Mod_2_SpaceTypes">
    <failure type="java.lang.AssertionError" message="Space Types are not getting created when adding single and then carparking spaces expected [true] but found [false]">
      <![CDATA[java.lang.AssertionError: Space Types are not getting created when adding single and then carparking spaces expected [true] but found [false]
at com.marina.tests.Mod_2_SpaceTypes.add_Spaces_Single_And_Carparking_Options_TC_213(Mod_2_SpaceTypes.java:239)
at java.util.ArrayList.forEach(ArrayList.java:1257)
... Removed 30 stack frames]]>
    </failure>
  </testcase> <!-- add_Spaces_Single_And_Carparking_Options_TC_213 -->
  <testcase name="verifyAllSpacePage_TC_401" time="0.053" classname="com.marina.tests.Mod_3_AllSpaces"/>
  <testcase name="createNewSpaceMandatoryFields_TC_402" time="8.559" classname="com.marina.tests.Mod_3_AllSpaces"/>
  <testcase name="verifyAdditionalFieldsForUnAvailibility_TC_403" time="3.035" classname="com.marina.tests.Mod_3_AllSpaces"/>
  <testcase name="createNewSpaceAllFields_TC_404" time="21.425" classname="com.marina.tests.Mod_3_AllSpaces"/>
  <testcase name="verifySearchFeatureInDataTable_TC_405" time="0.476" classname="com.marina.tests.Mod_3_AllSpaces"/>
  <testcase name="verifySpecificSpaceViewSection_TC_406" time="3.206" classname="com.marina.tests.Mod_3_AllSpaces"/>
  <testcase name="editRecordVerifyData_TC_407" time="23.365" classname="com.marina.tests.Mod_3_AllSpaces"/>
  <testcase name="addNoteFromViewSection_TC_408" time="4.674" classname="com.marina.tests.Mod_3_AllSpaces"/>
  <testcase name="addNoteFromViewSectionMustRead_TC_409" time="5.227" classname="com.marina.tests.Mod_3_AllSpaces"/>
  <testcase name="clickAddNoteBtnWithoutNotes_TC_410" time="3.221" classname="com.marina.tests.Mod_3_AllSpaces">
    <failure type="java.lang.AssertionError" message="Javascript network error alert is appearing expected [true] but found [false]">
      <![CDATA[java.lang.AssertionError: Javascript network error alert is appearing expected [true] but found [false]
at com.marina.tests.Mod_3_AllSpaces.clickAddNoteBtnWithoutNotes_TC_410(Mod_3_AllSpaces.java:227)
at java.util.ArrayList.forEach(ArrayList.java:1257)
... Removed 30 stack frames]]>
    </failure>
  </testcase> <!-- clickAddNoteBtnWithoutNotes_TC_410 -->
  <testcase name="deleteNoteFromViewSpacePage_TC_411" time="26.91" classname="com.marina.tests.Mod_3_AllSpaces"/>
  <testcase name="deleteNoteFromEditSpace_TC_412" time="9.605" classname="com.marina.tests.Mod_3_AllSpaces"/>
  <testcase name="importSpacesBulk_TC_413" time="89.237" classname="com.marina.tests.Mod_3_AllSpaces"/>
  <testcase name="exportSpaceExcel_TC_414" time="3.448" classname="com.marina.tests.Mod_3_AllSpaces"/>
  <testcase name="exportSpaceGoogleSheet_TC_415" time="10.46" classname="com.marina.tests.Mod_3_AllSpaces">
    <failure type="org.openqa.selenium.NoSuchElementException" message="no such element: Unable to locate element: {&amp;quot;method&amp;quot;:&amp;quot;xpath&amp;quot;,&amp;quot;selector&amp;quot;:&amp;quot;//a[text()=&amp;apos;Open Google Sheet&amp;apos;]&amp;quot;}
  (Session info: chrome=119.0.6045.123)
For documentation on this error, please visit: https://www.selenium.dev/documentation/webdriver/troubleshooting/errors#no-such-element-exception
Build info: version: &amp;apos;4.13.0&amp;apos;, revision: &amp;apos;ba948ece5b*&amp;apos;
System info: os.name: &amp;apos;Windows 10&amp;apos;, os.arch: &amp;apos;amd64&amp;apos;, os.version: &amp;apos;10.0&amp;apos;, java.version: &amp;apos;1.8.0_202&amp;apos;
Driver info: org.openqa.selenium.chrome.ChromeDriver
Command: [2e035e77233952a15a0958040dcb2d44, findElement {using=xpath, value=//a[text()=&amp;apos;Open Google Sheet&amp;apos;]}]
Capabilities {acceptInsecureCerts: false, browserName: chrome, browserVersion: 119.0.6045.123, chrome: {chromedriverVersion: 119.0.6045.105 (38c72552c5e..., userDataDir: C:\Users\Rehan\AppData\Loca...}, fedcm:accounts: true, goog:chromeOptions: {debuggerAddress: localhost:60271}, networkConnectionEnabled: false, pageLoadStrategy: normal, platformName: windows, proxy: Proxy(), se:cdp: ws://localhost:60271/devtoo..., se:cdpVersion: 119.0.6045.123, setWindowRect: true, strictFileInteractability: false, timeouts: {implicit: 0, pageLoad: 300000, script: 30000}, unhandledPromptBehavior: dismiss and notify, webauthn:extension:credBlob: true, webauthn:extension:largeBlob: true, webauthn:extension:minPinLength: true, webauthn:extension:prf: true, webauthn:virtualAuthenticators: true}
Session ID: 2e035e77233952a15a0958040dcb2d44">
      <![CDATA[org.openqa.selenium.NoSuchElementException: no such element: Unable to locate element: {"method":"xpath","selector":"//a[text()='Open Google Sheet']"}
  (Session info: chrome=119.0.6045.123)
For documentation on this error, please visit: https://www.selenium.dev/documentation/webdriver/troubleshooting/errors#no-such-element-exception
Build info: version: '4.13.0', revision: 'ba948ece5b*'
System info: os.name: 'Windows 10', os.arch: 'amd64', os.version: '10.0', java.version: '1.8.0_202'
Driver info: org.openqa.selenium.chrome.ChromeDriver
Command: [2e035e77233952a15a0958040dcb2d44, findElement {using=xpath, value=//a[text()='Open Google Sheet']}]
Capabilities {acceptInsecureCerts: false, browserName: chrome, browserVersion: 119.0.6045.123, chrome: {chromedriverVersion: 119.0.6045.105 (38c72552c5e..., userDataDir: C:\Users\Rehan\AppData\Loca...}, fedcm:accounts: true, goog:chromeOptions: {debuggerAddress: localhost:60271}, networkConnectionEnabled: false, pageLoadStrategy: normal, platformName: windows, proxy: Proxy(), se:cdp: ws://localhost:60271/devtoo..., se:cdpVersion: 119.0.6045.123, setWindowRect: true, strictFileInteractability: false, timeouts: {implicit: 0, pageLoad: 300000, script: 30000}, unhandledPromptBehavior: dismiss and notify, webauthn:extension:credBlob: true, webauthn:extension:largeBlob: true, webauthn:extension:minPinLength: true, webauthn:extension:prf: true, webauthn:virtualAuthenticators: true}
Session ID: 2e035e77233952a15a0958040dcb2d44
at org.openqa.selenium.remote.codec.w3c.W3CHttpResponseCodec.createException(W3CHttpResponseCodec.java:200)
at org.openqa.selenium.remote.codec.w3c.W3CHttpResponseCodec.decode(W3CHttpResponseCodec.java:133)
at org.openqa.selenium.remote.codec.w3c.W3CHttpResponseCodec.decode(W3CHttpResponseCodec.java:52)
at org.openqa.selenium.remote.HttpCommandExecutor.execute(HttpCommandExecutor.java:191)
at org.openqa.selenium.remote.service.DriverCommandExecutor.invokeExecute(DriverCommandExecutor.java:196)
at org.openqa.selenium.remote.service.DriverCommandExecutor.execute(DriverCommandExecutor.java:171)
at org.openqa.selenium.remote.RemoteWebDriver.execute(RemoteWebDriver.java:602)
at org.openqa.selenium.remote.ElementLocation$ElementFinder$2.findElement(ElementLocation.java:165)
at org.openqa.selenium.remote.ElementLocation.findElement(ElementLocation.java:59)
at org.openqa.selenium.remote.RemoteWebDriver.findElement(RemoteWebDriver.java:359)
at org.openqa.selenium.remote.RemoteWebDriver.findElement(RemoteWebDriver.java:353)
at com.marina.pages.AllSpacesPage.exportDataToGoogleSheet(AllSpacesPage.java:143)
at com.marina.tests.Mod_3_AllSpaces.exportSpaceGoogleSheet_TC_415(Mod_3_AllSpaces.java:361)
at java.util.ArrayList.forEach(ArrayList.java:1257)
... Removed 31 stack frames]]>
    </failure>
  </testcase> <!-- exportSpaceGoogleSheet_TC_415 -->
  <testcase name="deleteSpaceTypeSpacesDeleted_TC_416" time="79.792" classname="com.marina.tests.Mod_3_AllSpaces"/>
  <testcase name="addedSpaceInCalendar_TC_601" time="67.405" classname="com.marina.tests.Mod_4_Calendar"/>
  <testcase name="verifySpaceDataOnHover_TC_602" time="3.376" classname="com.marina.tests.Mod_4_Calendar"/>
  <testcase name="verifyDetailsSlipDetailPage_TC_603" time="7.91" classname="com.marina.tests.Mod_4_Calendar"/>
  <testcase name="reservNotUnavailable_TC_604" time="42.295" classname="com.marina.tests.Mod_4_Calendar">
    <failure type="java.lang.AssertionError" message="Unavailable Error Pop Not Appearing expected [true] but found [false]">
      <![CDATA[java.lang.AssertionError: Unavailable Error Pop Not Appearing expected [true] but found [false]
at com.marina.tests.Mod_4_Calendar.reservNotUnavailable_TC_604(Mod_4_Calendar.java:146)
at java.util.ArrayList.forEach(ArrayList.java:1257)
... Removed 30 stack frames]]>
    </failure>
  </testcase> <!-- reservNotUnavailable_TC_604 -->
  <testcase name="verifySpaceGroupPage_TC_801" time="60.857" classname="com.marina.tests.Mod_5_SpaceGroup"/>
  <testcase name="checkReservSpacesAvail_TC_802" time="14.739" classname="com.marina.tests.Mod_5_SpaceGroup">
    <failure type="java.lang.AssertionError" message="expected [true] but found [false]">
      <![CDATA[java.lang.AssertionError: expected [true] but found [false]
at com.marina.tests.Mod_5_SpaceGroup.checkReservSpacesAvail_TC_802(Mod_5_SpaceGroup.java:77)
at java.util.ArrayList.forEach(ArrayList.java:1257)
... Removed 31 stack frames]]>
    </failure>
  </testcase> <!-- checkReservSpacesAvail_TC_802 -->
  <testcase name="addSpaceGroupSingleSpace_TC_803" time="7.462" classname="com.marina.tests.Mod_5_SpaceGroup"/>
  <testcase name="addSpaceGroupMultipleSpace_TC_804" time="8.331" classname="com.marina.tests.Mod_5_SpaceGroup"/>
  <testcase name="searchSlipByNameType_TC_805" time="3.525" classname="com.marina.tests.Mod_5_SpaceGroup"/>
  <testcase name="editAlreadyExistingGroup_TC_806" time="6.716" classname="com.marina.tests.Mod_5_SpaceGroup"/>
  <testcase name="createGroupSameName_TC_807" time="3.241" classname="com.marina.tests.Mod_5_SpaceGroup">
    <failure type="java.lang.AssertionError" message="Space Groups Are Getting Created With Same Name expected [true] but found [false]">
      <![CDATA[java.lang.AssertionError: Space Groups Are Getting Created With Same Name expected [true] but found [false]
at com.marina.tests.Mod_5_SpaceGroup.createGroupSameName_TC_807(Mod_5_SpaceGroup.java:146)
at java.util.ArrayList.forEach(ArrayList.java:1257)
... Removed 30 stack frames]]>
    </failure>
  </testcase> <!-- createGroupSameName_TC_807 -->
  <testcase name="deleteExistingSpaceGroup_TC_808" time="109.044" classname="com.marina.tests.Mod_5_SpaceGroup"/>
  <testcase name="verifyBoatGroupPageOpens_TC_1001" time="0.041" classname="com.marina.tests.Mod_6_BoatGroup"/>
  <testcase name="addBoatGroupMandatoryFields_TC_1002" time="4.86" classname="com.marina.tests.Mod_6_BoatGroup"/>
  <testcase name="addBoatGroupAllFields_TC_1003" time="5.093" classname="com.marina.tests.Mod_6_BoatGroup"/>
  <testcase name="searchBoatGroup_TC_1004" time="1.402" classname="com.marina.tests.Mod_6_BoatGroup"/>
  <testcase name="viewSavedDataBoatGroup_TC_1005" time="3.078" classname="com.marina.tests.Mod_6_BoatGroup"/>
  <testcase name="viewPageNewBoatAdd_TC_1006" time="8.895" classname="com.marina.tests.Mod_6_BoatGroup"/>
  <testcase name="addBoatMainPage_TC_1007" time="6.307" classname="com.marina.tests.Mod_6_BoatGroup"/>
  <testcase name="editBoatGroupVerifyData_TC_1008" time="14.163" classname="com.marina.tests.Mod_6_BoatGroup"/>
  <testcase name="generatingMultipleAddRequest_TC_1009" time="28.22" classname="com.marina.tests.Mod_6_BoatGroup">
    <failure type="java.lang.AssertionError" message="expected [1] but found [3]">
      <![CDATA[java.lang.AssertionError: expected [1] but found [3]
at com.marina.tests.Mod_6_BoatGroup.generatingMultipleAddRequest_TC_1009(Mod_6_BoatGroup.java:166)
at java.util.ArrayList.forEach(ArrayList.java:1257)
... Removed 32 stack frames]]>
    </failure>
  </testcase> <!-- generatingMultipleAddRequest_TC_1009 -->
  <testcase name="verifyCopyFunctionBoatGroup_TC_1010" time="10.837" classname="com.marina.tests.Mod_6_BoatGroup"/>
  <testcase name="deleteBoatGroups_TC_1011" time="38.391" classname="com.marina.tests.Mod_6_BoatGroup"/>
  <testcase name="@BeforeSuite loadConfig" time="0.0" classname="com.marina.base.TestBase">
    <ignored/>
  </testcase> <!-- @BeforeSuite loadConfig -->
  <testcase name="@BeforeSuite loadConfig" time="0.0" classname="com.marina.base.TestBase">
    <ignored/>
  </testcase> <!-- @BeforeSuite loadConfig -->
  <testcase name="@BeforeSuite loadConfig" time="0.0" classname="com.marina.base.TestBase">
    <ignored/>
  </testcase> <!-- @BeforeSuite loadConfig -->
  <testcase name="@BeforeSuite loadConfig" time="0.0" classname="com.marina.base.TestBase">
    <ignored/>
  </testcase> <!-- @BeforeSuite loadConfig -->
  <testcase name="@AfterSuite afterSuite" time="0.0" classname="com.marina.base.TestBase">
    <ignored/>
  </testcase> <!-- @AfterSuite afterSuite -->
  <testcase name="@AfterSuite afterSuite" time="0.0" classname="com.marina.base.TestBase">
    <ignored/>
  </testcase> <!-- @AfterSuite afterSuite -->
  <testcase name="@AfterSuite afterSuite" time="0.0" classname="com.marina.base.TestBase">
    <ignored/>
  </testcase> <!-- @AfterSuite afterSuite -->
  <testcase name="@AfterSuite afterSuite" time="0.0" classname="com.marina.base.TestBase">
    <ignored/>
  </testcase> <!-- @AfterSuite afterSuite -->
</testsuite> <!-- test -->
