<?xml version="1.0" encoding="UTF-8"?>
<!-- Generated by org.testng.reporters.JUnitReportReporter -->
<testsuite skipped="0" hostname="DESKTOP-8CR6PU0" name="com.marina.tests.Mod_6_BoatGroup" tests="11" failures="1" timestamp="2023-11-07T10:40:27 PKT" time="418.358" errors="0">
  <testcase name="verifyBoatGroupPageOpens_TC_1001" time="27.012" classname="com.marina.tests.Mod_6_BoatGroup"/>
  <system-out/>
  <testcase name="addBoatGroupMandatoryFields_TC_1002" time="35.200" classname="com.marina.tests.Mod_6_BoatGroup"/>
  <system-out/>
  <testcase name="addBoatGroupAllFields_TC_1003" time="32.575" classname="com.marina.tests.Mod_6_BoatGroup"/>
  <system-out/>
  <testcase name="searchBoatGroup_TC_1004" time="27.031" classname="com.marina.tests.Mod_6_BoatGroup"/>
  <system-out/>
  <testcase name="viewSavedDataBoatGroup_TC_1005" time="28.193" classname="com.marina.tests.Mod_6_BoatGroup"/>
  <system-out/>
  <testcase name="viewPageNewBoatAdd_TC_1006" time="34.081" classname="com.marina.tests.Mod_6_BoatGroup"/>
  <system-out/>
  <testcase name="addBoatMainPage_TC_1007" time="40.408" classname="com.marina.tests.Mod_6_BoatGroup"/>
  <system-out/>
  <testcase name="editBoatGroupVerifyData_TC_1008" time="38.255" classname="com.marina.tests.Mod_6_BoatGroup"/>
  <system-out/>
  <testcase name="generatingMultipleAddRequest_TC_1009" time="49.862" classname="com.marina.tests.Mod_6_BoatGroup">
    <failure type="java.lang.AssertionError" message="expected [1] but found [3]">
      <![CDATA[java.lang.AssertionError: expected [1] but found [3]
at org.testng.Assert.fail(Assert.java:97)
at org.testng.Assert.assertEqualsImpl(Assert.java:136)
at org.testng.Assert.assertEquals(Assert.java:118)
at org.testng.Assert.assertEquals(Assert.java:839)
at org.testng.Assert.assertEquals(Assert.java:849)
at com.marina.tests.Mod_6_BoatGroup.generatingMultipleAddRequest_TC_1009(Mod_6_BoatGroup.java:166)
at sun.reflect.NativeMethodAccessorImpl.invoke0(Native Method)
at sun.reflect.NativeMethodAccessorImpl.invoke(NativeMethodAccessorImpl.java:62)
at sun.reflect.DelegatingMethodAccessorImpl.invoke(DelegatingMethodAccessorImpl.java:43)
at java.lang.reflect.Method.invoke(Method.java:498)
at org.testng.internal.MethodInvocationHelper.invokeMethod(MethodInvocationHelper.java:134)
at org.testng.internal.TestInvoker.invokeMethod(TestInvoker.java:597)
at org.testng.internal.TestInvoker.invokeTestMethod(TestInvoker.java:173)
at org.testng.internal.MethodRunner.runInSequence(MethodRunner.java:46)
at org.testng.internal.TestInvoker$MethodInvocationAgent.invoke(TestInvoker.java:816)
at org.testng.internal.TestInvoker.invokeTestMethods(TestInvoker.java:146)
at org.testng.internal.TestMethodWorker.invokeTestMethods(TestMethodWorker.java:146)
at org.testng.internal.TestMethodWorker.run(TestMethodWorker.java:128)
at java.util.concurrent.ThreadPoolExecutor.runWorker(ThreadPoolExecutor.java:1149)
at java.util.concurrent.ThreadPoolExecutor$Worker.run(ThreadPoolExecutor.java:624)
at java.lang.Thread.run(Thread.java:748)
]]>
    </failure>
  </testcase> <!-- generatingMultipleAddRequest_TC_1009 -->
  <system-out/>
  <testcase name="verifyCopyFunctionBoatGroup_TC_1010" time="39.941" classname="com.marina.tests.Mod_6_BoatGroup"/>
  <system-out/>
  <testcase name="deleteBoatGroups_TC_1011" time="65.800" classname="com.marina.tests.Mod_6_BoatGroup"/>
  <system-out/>
</testsuite> <!-- com.marina.tests.Mod_6_BoatGroup -->
